<?xml version="1.0" encoding="UTF-8" ?>
<testsuite failures="0" time="0.188" errors="0" skipped="0" tests="3" name="ro.teamnet.junit.demo.controller.AppUserControllerTest">
  <properties>
    <property name="java.runtime.name" value="Java(TM) SE Runtime Environment"/>
    <property name="sun.boot.library.path" value="c:\program files (x86)\jetbrains\intellij idea 10.0\jre\jre\bin"/>
    <property name="java.vm.version" value="17.0-b16"/>
    <property name="java.vm.vendor" value="Sun Microsystems Inc."/>
    <property name="java.vendor.url" value="http://java.sun.com/"/>
    <property name="path.separator" value=";"/>
    <property name="java.vm.name" value="Java HotSpot(TM) Client VM"/>
    <property name="file.encoding.pkg" value="sun.io"/>
    <property name="user.country" value="US"/>
    <property name="sun.java.launcher" value="SUN_STANDARD"/>
    <property name="sun.os.patch.level" value="Service Pack 1"/>
    <property name="java.vm.specification.name" value="Java Virtual Machine Specification"/>
    <property name="user.dir" value="D:\junit-demo-app\frontend"/>
    <property name="java.runtime.version" value="1.6.0_21-b06"/>
    <property name="java.awt.graphicsenv" value="sun.awt.Win32GraphicsEnvironment"/>
    <property name="basedir" value="D:\junit-demo-app\frontend"/>
    <property name="java.endorsed.dirs" value="c:\program files (x86)\jetbrains\intellij idea 10.0\jre\jre\lib\endorsed"/>
    <property name="os.arch" value="x86"/>
    <property name="surefire.real.class.path" value="C:\Users\Adi\AppData\Local\Temp\surefirebooter11315966702982919.jar"/>
    <property name="java.io.tmpdir" value="C:\Users\Adi\AppData\Local\Temp\"/>
    <property name="line.separator" value="
"/>
    <property name="java.vm.specification.vendor" value="Sun Microsystems Inc."/>
    <property name="user.variant" value=""/>
    <property name="os.name" value="Windows 7"/>
    <property name="sun.jnu.encoding" value="Cp1252"/>
    <property name="java.library.path" value="c:\program files (x86)\jetbrains\intellij idea 10.0\jre\jre\bin;.;C:\Windows\Sun\Java\bin;C:\Windows\system32;C:\Windows;C:\Program Files (x86)\PHP\;C:\Windows\system32;C:\Windows;C:\Windows\System32\Wbem;C:\Windows\System32\WindowsPowerShell\v1.0\;C:\Program Files\WIDCOMM\Bluetooth Software\;C:\Program Files\WIDCOMM\Bluetooth Software\syswow64;C:\Program Files\Intel\WiFi\bin\;C:\Program Files\Common Files\Intel\WirelessCommon\;D:\apache-maven-2.2.1\bin;C:\Program Files (x86)\MySQL\MySQL Utilities 1.3.4\;c:\cygwin64\bin;c:\cygwin64\usr\sbin;c:\DataWiki_1.7.1\php;c:\DataWiki_1.7.1\mysql\bin;C:\Python27;c:\program files (x86)\jetbrains\intellij idea 10.0\jre\jre\bin"/>
    <property name="surefire.test.class.path" value="D:\junit-demo-app\frontend\target\test-classes;D:\junit-demo-app\frontend\target\classes;C:\Users\Adi\.m2\repository\org\springframework\spring-web\4.0.5.RELEASE\spring-web-4.0.5.RELEASE.jar;C:\Users\Adi\.m2\repository\org\springframework\spring-aop\4.0.5.RELEASE\spring-aop-4.0.5.RELEASE.jar;C:\Users\Adi\.m2\repository\aopalliance\aopalliance\1.0\aopalliance-1.0.jar;C:\Users\Adi\.m2\repository\org\springframework\spring-beans\4.0.5.RELEASE\spring-beans-4.0.5.RELEASE.jar;C:\Users\Adi\.m2\repository\org\springframework\spring-core\4.0.5.RELEASE\spring-core-4.0.5.RELEASE.jar;C:\Users\Adi\.m2\repository\commons-logging\commons-logging\1.1.3\commons-logging-1.1.3.jar;C:\Users\Adi\.m2\repository\org\springframework\spring-context\4.0.5.RELEASE\spring-context-4.0.5.RELEASE.jar;C:\Users\Adi\.m2\repository\org\springframework\spring-expression\4.0.5.RELEASE\spring-expression-4.0.5.RELEASE.jar;D:\junit-demo-app\services\target\classes;D:\junit-demo-app\backend\target\classes;C:\Users\Adi\.m2\repository\org\springframework\spring-orm\4.0.5.RELEASE\spring-orm-4.0.5.RELEASE.jar;C:\Users\Adi\.m2\repository\org\springframework\spring-jdbc\4.0.5.RELEASE\spring-jdbc-4.0.5.RELEASE.jar;C:\Users\Adi\.m2\repository\org\springframework\spring-tx\4.0.5.RELEASE\spring-tx-4.0.5.RELEASE.jar;C:\Users\Adi\.m2\repository\org\hibernate\hibernate-entitymanager\4.3.5.Final\hibernate-entitymanager-4.3.5.Final.jar;C:\Users\Adi\.m2\repository\org\jboss\logging\jboss-logging\3.1.3.GA\jboss-logging-3.1.3.GA.jar;C:\Users\Adi\.m2\repository\org\jboss\logging\jboss-logging-annotations\1.2.0.Beta1\jboss-logging-annotations-1.2.0.Beta1.jar;C:\Users\Adi\.m2\repository\org\hibernate\hibernate-core\4.3.5.Final\hibernate-core-4.3.5.Final.jar;C:\Users\Adi\.m2\repository\org\jboss\spec\javax\transaction\jboss-transaction-api_1.2_spec\1.0.0.Final\jboss-transaction-api_1.2_spec-1.0.0.Final.jar;C:\Users\Adi\.m2\repository\dom4j\dom4j\1.6.1\dom4j-1.6.1.jar;C:\Users\Adi\.m2\repository\xml-apis\xml-apis\1.0.b2\xml-apis-1.0.b2.jar;C:\Users\Adi\.m2\repository\org\hibernate\common\hibernate-commons-annotations\4.0.4.Final\hibernate-commons-annotations-4.0.4.Final.jar;C:\Users\Adi\.m2\repository\org\hibernate\javax\persistence\hibernate-jpa-2.1-api\1.0.0.Final\hibernate-jpa-2.1-api-1.0.0.Final.jar;C:\Users\Adi\.m2\repository\org\javassist\javassist\3.18.1-GA\javassist-3.18.1-GA.jar;C:\Users\Adi\.m2\repository\antlr\antlr\2.7.7\antlr-2.7.7.jar;C:\Users\Adi\.m2\repository\org\jboss\jandex\1.1.0.Final\jandex-1.1.0.Final.jar;C:\Users\Adi\.m2\repository\org\hibernate\hibernate-validator\5.1.1.Final\hibernate-validator-5.1.1.Final.jar;C:\Users\Adi\.m2\repository\javax\validation\validation-api\1.1.0.Final\validation-api-1.1.0.Final.jar;C:\Users\Adi\.m2\repository\com\fasterxml\classmate\1.0.0\classmate-1.0.0.jar;C:\Users\Adi\.m2\repository\org\springframework\data\spring-data-jpa\1.3.0.RELEASE\spring-data-jpa-1.3.0.RELEASE.jar;C:\Users\Adi\.m2\repository\org\springframework\data\spring-data-commons\1.5.0.RELEASE\spring-data-commons-1.5.0.RELEASE.jar;C:\Users\Adi\.m2\repository\org\slf4j\slf4j-api\1.7.1\slf4j-api-1.7.1.jar;C:\Users\Adi\.m2\repository\org\slf4j\jcl-over-slf4j\1.7.1\jcl-over-slf4j-1.7.1.jar;C:\Users\Adi\.m2\repository\org\aspectj\aspectjrt\1.7.1\aspectjrt-1.7.1.jar;C:\Users\Adi\.m2\repository\com\h2database\h2\1.4.181\h2-1.4.181.jar;C:\Users\Adi\.m2\repository\org\liquibase\liquibase-core\3.0.0\liquibase-core-3.0.0.jar;C:\Users\Adi\.m2\repository\org\yaml\snakeyaml\1.12\snakeyaml-1.12.jar;C:\Users\Adi\.m2\repository\junit\junit\4.11\junit-4.11.jar;C:\Users\Adi\.m2\repository\org\hamcrest\hamcrest-core\1.3\hamcrest-core-1.3.jar;C:\Users\Adi\.m2\repository\org\mockito\mockito-all\1.9.5\mockito-all-1.9.5.jar;C:\Users\Adi\.m2\repository\com\google\guava\guava\r05\guava-r05.jar;C:\Users\Adi\.m2\repository\org\easytesting\fest-assert\1.4\fest-assert-1.4.jar;C:\Users\Adi\.m2\repository\org\easytesting\fest-util\1.1.6\fest-util-1.1.6.jar;C:\Users\Adi\.m2\repository\org\springframework\spring-test\4.0.5.RELEASE\spring-test-4.0.5.RELEASE.jar;"/>
    <property name="java.specification.name" value="Java Platform API Specification"/>
    <property name="java.class.version" value="50.0"/>
    <property name="sun.management.compiler" value="HotSpot Client Compiler"/>
    <property name="os.version" value="6.1"/>
    <property name="user.home" value="C:\Users\Adi"/>
    <property name="user.timezone" value=""/>
    <property name="java.awt.printerjob" value="sun.awt.windows.WPrinterJob"/>
    <property name="java.specification.version" value="1.6"/>
    <property name="file.encoding" value="Cp1252"/>
    <property name="user.name" value="Adi"/>
    <property name="java.class.path" value="D:\junit-demo-app\frontend\target\test-classes;D:\junit-demo-app\frontend\target\classes;C:\Users\Adi\.m2\repository\org\springframework\spring-web\4.0.5.RELEASE\spring-web-4.0.5.RELEASE.jar;C:\Users\Adi\.m2\repository\org\springframework\spring-aop\4.0.5.RELEASE\spring-aop-4.0.5.RELEASE.jar;C:\Users\Adi\.m2\repository\aopalliance\aopalliance\1.0\aopalliance-1.0.jar;C:\Users\Adi\.m2\repository\org\springframework\spring-beans\4.0.5.RELEASE\spring-beans-4.0.5.RELEASE.jar;C:\Users\Adi\.m2\repository\org\springframework\spring-core\4.0.5.RELEASE\spring-core-4.0.5.RELEASE.jar;C:\Users\Adi\.m2\repository\commons-logging\commons-logging\1.1.3\commons-logging-1.1.3.jar;C:\Users\Adi\.m2\repository\org\springframework\spring-context\4.0.5.RELEASE\spring-context-4.0.5.RELEASE.jar;C:\Users\Adi\.m2\repository\org\springframework\spring-expression\4.0.5.RELEASE\spring-expression-4.0.5.RELEASE.jar;D:\junit-demo-app\services\target\classes;D:\junit-demo-app\backend\target\classes;C:\Users\Adi\.m2\repository\org\springframework\spring-orm\4.0.5.RELEASE\spring-orm-4.0.5.RELEASE.jar;C:\Users\Adi\.m2\repository\org\springframework\spring-jdbc\4.0.5.RELEASE\spring-jdbc-4.0.5.RELEASE.jar;C:\Users\Adi\.m2\repository\org\springframework\spring-tx\4.0.5.RELEASE\spring-tx-4.0.5.RELEASE.jar;C:\Users\Adi\.m2\repository\org\hibernate\hibernate-entitymanager\4.3.5.Final\hibernate-entitymanager-4.3.5.Final.jar;C:\Users\Adi\.m2\repository\org\jboss\logging\jboss-logging\3.1.3.GA\jboss-logging-3.1.3.GA.jar;C:\Users\Adi\.m2\repository\org\jboss\logging\jboss-logging-annotations\1.2.0.Beta1\jboss-logging-annotations-1.2.0.Beta1.jar;C:\Users\Adi\.m2\repository\org\hibernate\hibernate-core\4.3.5.Final\hibernate-core-4.3.5.Final.jar;C:\Users\Adi\.m2\repository\org\jboss\spec\javax\transaction\jboss-transaction-api_1.2_spec\1.0.0.Final\jboss-transaction-api_1.2_spec-1.0.0.Final.jar;C:\Users\Adi\.m2\repository\dom4j\dom4j\1.6.1\dom4j-1.6.1.jar;C:\Users\Adi\.m2\repository\xml-apis\xml-apis\1.0.b2\xml-apis-1.0.b2.jar;C:\Users\Adi\.m2\repository\org\hibernate\common\hibernate-commons-annotations\4.0.4.Final\hibernate-commons-annotations-4.0.4.Final.jar;C:\Users\Adi\.m2\repository\org\hibernate\javax\persistence\hibernate-jpa-2.1-api\1.0.0.Final\hibernate-jpa-2.1-api-1.0.0.Final.jar;C:\Users\Adi\.m2\repository\org\javassist\javassist\3.18.1-GA\javassist-3.18.1-GA.jar;C:\Users\Adi\.m2\repository\antlr\antlr\2.7.7\antlr-2.7.7.jar;C:\Users\Adi\.m2\repository\org\jboss\jandex\1.1.0.Final\jandex-1.1.0.Final.jar;C:\Users\Adi\.m2\repository\org\hibernate\hibernate-validator\5.1.1.Final\hibernate-validator-5.1.1.Final.jar;C:\Users\Adi\.m2\repository\javax\validation\validation-api\1.1.0.Final\validation-api-1.1.0.Final.jar;C:\Users\Adi\.m2\repository\com\fasterxml\classmate\1.0.0\classmate-1.0.0.jar;C:\Users\Adi\.m2\repository\org\springframework\data\spring-data-jpa\1.3.0.RELEASE\spring-data-jpa-1.3.0.RELEASE.jar;C:\Users\Adi\.m2\repository\org\springframework\data\spring-data-commons\1.5.0.RELEASE\spring-data-commons-1.5.0.RELEASE.jar;C:\Users\Adi\.m2\repository\org\slf4j\slf4j-api\1.7.1\slf4j-api-1.7.1.jar;C:\Users\Adi\.m2\repository\org\slf4j\jcl-over-slf4j\1.7.1\jcl-over-slf4j-1.7.1.jar;C:\Users\Adi\.m2\repository\org\aspectj\aspectjrt\1.7.1\aspectjrt-1.7.1.jar;C:\Users\Adi\.m2\repository\com\h2database\h2\1.4.181\h2-1.4.181.jar;C:\Users\Adi\.m2\repository\org\liquibase\liquibase-core\3.0.0\liquibase-core-3.0.0.jar;C:\Users\Adi\.m2\repository\org\yaml\snakeyaml\1.12\snakeyaml-1.12.jar;C:\Users\Adi\.m2\repository\junit\junit\4.11\junit-4.11.jar;C:\Users\Adi\.m2\repository\org\hamcrest\hamcrest-core\1.3\hamcrest-core-1.3.jar;C:\Users\Adi\.m2\repository\org\mockito\mockito-all\1.9.5\mockito-all-1.9.5.jar;C:\Users\Adi\.m2\repository\com\google\guava\guava\r05\guava-r05.jar;C:\Users\Adi\.m2\repository\org\easytesting\fest-assert\1.4\fest-assert-1.4.jar;C:\Users\Adi\.m2\repository\org\easytesting\fest-util\1.1.6\fest-util-1.1.6.jar;C:\Users\Adi\.m2\repository\org\springframework\spring-test\4.0.5.RELEASE\spring-test-4.0.5.RELEASE.jar;"/>
    <property name="java.vm.specification.version" value="1.0"/>
    <property name="sun.arch.data.model" value="32"/>
    <property name="java.home" value="c:\program files (x86)\jetbrains\intellij idea 10.0\jre\jre"/>
    <property name="java.specification.vendor" value="Sun Microsystems Inc."/>
    <property name="user.language" value="en"/>
    <property name="awt.toolkit" value="sun.awt.windows.WToolkit"/>
    <property name="java.vm.info" value="mixed mode, sharing"/>
    <property name="java.version" value="1.6.0_21"/>
    <property name="java.ext.dirs" value="c:\program files (x86)\jetbrains\intellij idea 10.0\jre\jre\lib\ext;C:\Windows\Sun\Java\lib\ext"/>
    <property name="sun.boot.class.path" value="c:\program files (x86)\jetbrains\intellij idea 10.0\jre\jre\lib\resources.jar;c:\program files (x86)\jetbrains\intellij idea 10.0\jre\jre\lib\rt.jar;c:\program files (x86)\jetbrains\intellij idea 10.0\jre\jre\lib\sunrsasign.jar;c:\program files (x86)\jetbrains\intellij idea 10.0\jre\jre\lib\jsse.jar;c:\program files (x86)\jetbrains\intellij idea 10.0\jre\jre\lib\jce.jar;c:\program files (x86)\jetbrains\intellij idea 10.0\jre\jre\lib\charsets.jar;c:\program files (x86)\jetbrains\intellij idea 10.0\jre\jre\classes"/>
    <property name="java.vendor" value="Sun Microsystems Inc."/>
    <property name="localRepository" value="C:\Users\Adi\.m2\repository"/>
    <property name="file.separator" value="\"/>
    <property name="java.vendor.url.bug" value="http://java.sun.com/cgi-bin/bugreport.cgi"/>
    <property name="sun.cpu.endian" value="little"/>
    <property name="sun.io.unicode.encoding" value="UnicodeLittle"/>
    <property name="sun.desktop" value="windows"/>
    <property name="sun.cpu.isalist" value="pentium_pro+mmx pentium_pro pentium+mmx pentium i486 i386 i86"/>
  </properties>
  <testcase time="0.004" classname="ro.teamnet.junit.demo.controller.AppUserControllerTest" name="should_throw_exception_if_player_data_is_corrupted"/>
  <testcase time="0.02" classname="ro.teamnet.junit.demo.controller.AppUserControllerTest" name="should_throw_controller_exception_if_business_exception_occured"/>
  <testcase time="0.012" classname="ro.teamnet.junit.demo.controller.AppUserControllerTest" name="should_update_player_status"/>
</testsuite>